epoch,acc,loss,mean_squared_error,val_acc,val_loss,val_mean_squared_error
0,0.5420808792114258,0.28920385241508484,0.28920385241508484,0.5529467463493347,0.2822207510471344,0.2822207510471344
1,0.5940577983856201,0.26026371121406555,0.26026368141174316,0.5823115110397339,0.26624953746795654,0.26624953746795654
2,0.6401638984680176,0.2353239804506302,0.23532399535179138,0.6119915843009949,0.25074470043182373,0.25074470043182373
3,0.6712188124656677,0.21791167557239532,0.21791164577007294,0.6387091279029846,0.23669424653053284,0.23669426143169403
4,0.695216953754425,0.2037367969751358,0.2037367820739746,0.6642048358917236,0.22405299544334412,0.22405299544334412
5,0.7163363695144653,0.1915235072374344,0.1915234923362732,0.6862278580665588,0.21286480128765106,0.21286480128765106
6,0.7351776361465454,0.1808622032403946,0.1808622181415558,0.7058882713317871,0.20330925285816193,0.20330926775932312
7,0.7522385716438293,0.17158977687358856,0.17158977687358856,0.7237882614135742,0.19461356103420258,0.1946135312318802
8,0.768103301525116,0.1633942723274231,0.16339430212974548,0.7400526404380798,0.1867510825395584,0.1867510825395584
9,0.7819851636886597,0.1561247855424881,0.1561247855424881,0.7545368671417236,0.17979788780212402,0.17979787290096283
10,0.7943841218948364,0.14972072839736938,0.14972072839736938,0.7675650119781494,0.17373056709766388,0.17373055219650269
11,0.8054786920547485,0.1440041959285736,0.1440042108297348,0.7783706784248352,0.16825322806835175,0.16825322806835175
12,0.8153101205825806,0.13882631063461304,0.13882631063461304,0.7885348200798035,0.16343703866004944,0.16343702375888824
13,0.8243880867958069,0.13412903249263763,0.13412903249263763,0.7970304489135742,0.1591627299785614,0.1591627150774002
14,0.8327812552452087,0.12983804941177368,0.12983806431293488,0.8045145273208618,0.15546773374080658,0.15546773374080658
15,0.839619517326355,0.12593205273151398,0.12593203783035278,0.8110898733139038,0.15208281576633453,0.15208277106285095
16,0.8461624979972839,0.12238630652427673,0.12238631397485733,0.8174375295639038,0.14885006844997406,0.14885008335113525
17,0.8516391515731812,0.11919538676738739,0.11919538676738739,0.8227670192718506,0.14576904475688934,0.14576902985572815
18,0.8563606142997742,0.11631858348846436,0.11631858348846436,0.8277637362480164,0.14281275868415833,0.14281277358531952
19,0.8604356646537781,0.11372975260019302,0.11372976005077362,0.8327385187149048,0.1400498002767563,0.1400498002767563
20,0.863942563533783,0.11140545457601547,0.11140546202659607,0.8368790149688721,0.1375872939825058,0.137587308883667
21,0.86702561378479,0.10931174457073212,0.10931174457073212,0.8406122922897339,0.13518410921096802,0.13518409430980682
22,0.869727611541748,0.10741856694221497,0.10741857439279556,0.8435748219490051,0.1328226625919342,0.1328226625919342
23,0.8719044327735901,0.1057291030883789,0.1057291030883789,0.8462548851966858,0.13081304728984833,0.13081306219100952
24,0.8739553689956665,0.10420508682727814,0.10420508682727814,0.8488671183586121,0.12899461388587952,0.12899461388587952
25,0.8756710886955261,0.10282149165868759,0.10282149910926819,0.8508990406990051,0.12742966413497925,0.12742966413497925
26,0.8770378232002258,0.10156130790710449,0.10156130790710449,0.8531455993652344,0.12571993470191956,0.12571991980075836
27,0.8783392906188965,0.10041218250989914,0.10041218250989914,0.8550351858139038,0.12420538812875748,0.12420539557933807
28,0.8795424103736877,0.09935372322797775,0.09935372322797775,0.8567737340927124,0.12287449836730957,0.12287451326847076
29,0.8806231021881104,0.09837284684181213,0.09837284684181213,0.8581904172897339,0.12159479409456253,0.12159480154514313
30,0.8815023899078369,0.09747152030467987,0.09747152775526047,0.8596574664115906,0.1205429956316948,0.1205429881811142
31,0.8824137449264526,0.09664145857095718,0.09664146602153778,0.8607303500175476,0.1194448173046112,0.1194448173046112
32,0.8832135200500488,0.09587284922599792,0.09587285667657852,0.8617134690284729,0.11842384189367294,0.11842382699251175
33,0.8840007185935974,0.09516128152608871,0.09516128897666931,0.8629637360572815,0.11748865246772766,0.11748865246772766
34,0.8846821188926697,0.09449780732393265,0.09449780732393265,0.8639665842056274,0.11665620654821396,0.11665619909763336
35,0.8853909373283386,0.09387455880641937,0.09387455880641937,0.8647307753562927,0.11587762832641602,0.11587762832641602
36,0.8858920931816101,0.09329362958669662,0.09329365193843842,0.8654883503913879,0.11516725271940231,0.11516725271940231
37,0.8863417506217957,0.09275740385055542,0.09275738894939423,0.8659569621086121,0.11455762386322021,0.11455762386322021
38,0.8867879509925842,0.09225429594516754,0.09225429594516754,0.8665437698364258,0.11392677575349808,0.11392677575349808
39,0.8872056007385254,0.09178495407104492,0.09178495407104492,0.8669729232788086,0.11330530792474747,0.11330530792474747
40,0.8875917792320251,0.09134726971387863,0.09134726226329803,0.8673779964447021,0.11274580657482147,0.11274580657482147
41,0.8879516124725342,0.09093619883060455,0.09093619883060455,0.8678246736526489,0.11217896640300751,0.11217895895242691
42,0.88832688331604,0.09054571390151978,0.09054570645093918,0.8682801127433777,0.11165521293878555,0.11165522038936615
43,0.8887439370155334,0.09017318487167358,0.09017320722341537,0.868757426738739,0.1111433357000351,0.1111433282494545
44,0.8890368938446045,0.0898200273513794,0.0898200199007988,0.8690639734268188,0.11067604273557663,0.11067604273557663
45,0.8893743753433228,0.08948872983455658,0.08948872983455658,0.8695128560066223,0.1101483404636383,0.11014832556247711
46,0.8896690607070923,0.0891762226819992,0.089176245033741,0.8699113726615906,0.10969429463148117,0.10969429463148117
47,0.8899213075637817,0.0888812243938446,0.0888812243938446,0.8700668215751648,0.10923761874437332,0.10923761874437332
48,0.8902033567428589,0.08859973400831223,0.08859973400831223,0.8706207871437073,0.10879083722829819,0.10879083722829819
49,0.89046311378479,0.0883292630314827,0.0883292630314827,0.8708397746086121,0.10841705650091171,0.10841704905033112
50,0.8906513452529907,0.08807095140218735,0.08807094395160675,0.8712798953056335,0.10798516869544983,0.10798516869544983
51,0.8908057808876038,0.08782355487346649,0.08782355487346649,0.8716389536857605,0.10760409384965897,0.10760409384965897
52,0.8909997344017029,0.08758646994829178,0.08758646994829178,0.8717024326324463,0.10727634280920029,0.10727635025978088
53,0.8912302851676941,0.08735892921686172,0.08735892921686172,0.8720462322235107,0.10685468465089798,0.10685468465089798
54,0.891425371170044,0.08714178204536438,0.08714178949594498,0.8724097013473511,0.10647047311067581,0.10647046566009521
55,0.8916319012641907,0.08693353831768036,0.08693353831768036,0.8727403283119202,0.10608486831188202,0.10608486086130142
56,0.8917731642723083,0.08673356473445892,0.08673356473445892,0.873020589351654,0.10564354062080383,0.10564354062080383
57,0.8919225335121155,0.08654110878705978,0.08654112368822098,0.8732351660728455,0.10530740022659302,0.10530739277601242
58,0.8920987248420715,0.08635630458593369,0.08635630458593369,0.8734847903251648,0.10491405427455902,0.10491404682397842
59,0.8922600150108337,0.08617690205574036,0.08617689460515976,0.8738023042678833,0.10461568832397461,0.1046156957745552
60,0.8924242258071899,0.08600229024887085,0.08600229769945145,0.8740650415420532,0.10428371280431747,0.10428371280431747
61,0.8925867080688477,0.08583319932222366,0.08583319932222366,0.8743014931678772,0.10398149490356445,0.10398150235414505
62,0.892713725566864,0.08566846698522568,0.08566845208406448,0.8745226860046387,0.10364300012588501,0.10364299267530441
63,0.8928504586219788,0.0855068638920784,0.0855068638920784,0.8747262954711914,0.10329718142747879,0.1032971665263176
64,0.8929728865623474,0.08534946292638779,0.08534946292638779,0.874912440776825,0.10299375653266907,0.10299375653266907
65,0.8931004405021667,0.08519493788480759,0.08519493788480759,0.8751620054244995,0.10270193219184875,0.10270191729068756
66,0.8932468891143799,0.0850449800491333,0.0850449874997139,0.8754532337188721,0.10240445286035538,0.10240444540977478
67,0.8934540152549744,0.08490268886089325,0.08490270376205444,0.8758254647254944,0.10212177783250809,0.10212177783250809
68,0.8935775756835938,0.08476468920707703,0.08476468175649643,0.8760050535202026,0.10182458162307739,0.10182458162307739
69,0.8936811089515686,0.08463012427091599,0.08463013172149658,0.8761495351791382,0.10156214237213135,0.10156214237213135
70,0.8938035368919373,0.08449763804674149,0.08449763804674149,0.8763838410377502,0.10128038376569748,0.10128037631511688
71,0.893918514251709,0.08436843752861023,0.08436844497919083,0.8767122626304626,0.10100606828927994,0.10100606083869934
72,0.893988311290741,0.08424355834722519,0.08424355834722519,0.8769290447235107,0.1007583737373352,0.1007583737373352
73,0.8941033482551575,0.08412060141563416,0.08412060141563416,0.8770932555198669,0.1004965603351593,0.1004965603351593
74,0.8942515254020691,0.08400031924247742,0.08400031924247742,0.8772684335708618,0.10027436167001724,0.10027435421943665
75,0.8943544626235962,0.08388294279575348,0.08388294279575348,0.8774830102920532,0.10003004968166351,0.10003004223108292
76,0.8943933844566345,0.08376868069171906,0.08376868069171906,0.8776078224182129,0.09982998669147491,0.09982998669147491
77,0.8945306539535522,0.0836576372385025,0.0836576372385025,0.877815842628479,0.09959341585636139,0.09959340840578079
78,0.8946273326873779,0.08354872465133667,0.08354872465133667,0.8778355121612549,0.09941087663173676,0.09941087663173676
79,0.8947377800941467,0.08344138413667679,0.08344137668609619,0.8779910206794739,0.0992228239774704,0.099222831428051
80,0.8948144316673279,0.08333878964185715,0.08333878964185715,0.8781377077102661,0.09904245287179947,0.09904245287179947
81,0.8948361873626709,0.08323896676301956,0.08323896676301956,0.8782296776771545,0.098837710916996,0.0988377183675766
82,0.8949179649353027,0.0831403061747551,0.0831403061747551,0.8782187104225159,0.0986982211470604,0.09869822859764099
83,0.8950152397155762,0.08304277807474136,0.08304277062416077,0.8784814476966858,0.0984458327293396,0.0984458327293396
84,0.8950821757316589,0.08294665068387985,0.08294665813446045,0.8785974979400635,0.09823360294103622,0.09823360294103622
85,0.8951044678688049,0.08285248279571533,0.08285248279571533,0.8786522746086121,0.09804234653711319,0.09804234653711319
86,0.8951525688171387,0.08276023715734482,0.08276023715734482,0.8787901997566223,0.09784532338380814,0.09784533083438873
87,0.8952755331993103,0.08266808837652206,0.08266808837652206,0.8790179491043091,0.09764087200164795,0.09764087200164795
88,0.8953453302383423,0.08257744461297989,0.08257744461297989,0.8790507912635803,0.0974639430642128,0.0974639430642128
89,0.8954100012779236,0.08248940110206604,0.08248940110206604,0.8792150020599365,0.09727981686592102,0.09727981686592102
90,0.8954866528511047,0.08240368962287903,0.08240368217229843,0.8792872428894043,0.09711706638336182,0.09711706638336182
91,0.8955106735229492,0.08231974393129349,0.08231974393129349,0.879420816898346,0.0969514399766922,0.0969514399766922
92,0.8956102132797241,0.08223588019609451,0.08223587274551392,0.8795477747917175,0.0967785120010376,0.0967785120010376
93,0.8956348299980164,0.08215314894914627,0.08215314894914627,0.8796572685241699,0.09658973664045334,0.09658972918987274
94,0.8956714272499084,0.08207197487354279,0.08207198232412338,0.8797580003738403,0.09638243913650513,0.09638243168592453
95,0.8957063555717468,0.08199107646942139,0.08199107646942139,0.8798609375953674,0.09620370715856552,0.09620370715856552
96,0.8957515358924866,0.08190970122814178,0.08190970122814178,0.8798937797546387,0.09604691714048386,0.09604691714048386
97,0.8957881331443787,0.08182990550994873,0.08182992041110992,0.8799529075622559,0.09588132053613663,0.09588132053613663
98,0.8958132863044739,0.08175140619277954,0.08175139874219894,0.8800842761993408,0.09567570686340332,0.09567570686340332
99,0.895875096321106,0.08167469501495361,0.08167468756437302,0.8801937103271484,0.09551791846752167,0.09551791846752167
100,0.8959059715270996,0.08160018920898438,0.08160018175840378,0.8803776502609253,0.09530829638242722,0.09530829638242722
101,0.8959460258483887,0.08152727037668228,0.08152727037668228,0.8804477453231812,0.09519428759813309,0.09519428014755249
102,0.8959660530090332,0.08145559579133987,0.08145559579133987,0.8805287480354309,0.09503230452537537,0.09503230452537537
103,0.8960358500480652,0.08138519525527954,0.08138518780469894,0.8805813193321228,0.09490666538476944,0.09490666538476944
104,0.8960981965065002,0.08131604641675949,0.08131604641675949,0.8807564377784729,0.09473888576030731,0.09473889321088791
105,0.8961382508277893,0.08124794065952301,0.08124794065952301,0.8807696104049683,0.09460195899009705,0.09460195153951645
106,0.8961611390113831,0.08118047565221786,0.08118048310279846,0.8809272646903992,0.09442102164030075,0.09442100673913956
107,0.896234393119812,0.081113301217556,0.081113301217556,0.8810126185417175,0.09430093318223953,0.09430092573165894
108,0.8962813019752502,0.08104804903268814,0.08104803413152695,0.8811506032943726,0.09411729127168655,0.09411727637052536
109,0.8963556289672852,0.08098418265581131,0.0809841975569725,0.8812556862831116,0.09398017823696136,0.09398019313812256
110,0.896418035030365,0.08092186599969864,0.08092187345027924,0.8812994956970215,0.09385538846254349,0.09385538101196289
111,0.896458625793457,0.08086061477661133,0.08086060732603073,0.8813586235046387,0.09373851865530014,0.09373854100704193
112,0.8965404629707336,0.0808001384139061,0.0808001309633255,0.8814659118652344,0.09358134120702744,0.09358134865760803
113,0.896550714969635,0.08074039220809937,0.08074039220809937,0.8816257119178772,0.09341926127672195,0.09341927617788315
114,0.8966045379638672,0.08068139851093292,0.08068139851093292,0.8816519975662231,0.09331333637237549,0.09331333637237549
115,0.8966594338417053,0.08062390983104706,0.08062390238046646,0.8817067742347717,0.09316076338291168,0.09316077828407288
116,0.8966994881629944,0.08056730031967163,0.08056730031967163,0.881739616394043,0.09304479509592056,0.09304480254650116
117,0.8967252373695374,0.08051123470067978,0.08051122725009918,0.8818162083625793,0.0928914025425911,0.0928914025425911
118,0.8967498540878296,0.08045555651187897,0.08045554906129837,0.8818818926811218,0.09274767339229584,0.09274769574403763
119,0.8967933058738708,0.08040088415145874,0.08040087670087814,0.8819388747215271,0.09261074662208557,0.09261074662208557
120,0.8968281745910645,0.08034709841012955,0.08034709095954895,0.8820767998695374,0.09248826652765274,0.09248826652765274
121,0.8968979716300964,0.08029414713382721,0.08029414713382721,0.8821227550506592,0.09236542880535126,0.09236542880535126
122,0.8969597816467285,0.08024273812770844,0.08024272322654724,0.8822256922721863,0.09225616604089737,0.09225616604089737
123,0.8969906568527222,0.08019228279590607,0.08019229024648666,0.8823023438453674,0.09215249121189117,0.09215249121189117
124,0.8970118165016174,0.08014198392629623,0.08014198392629623,0.8824008703231812,0.0920729860663414,0.0920729860663414
125,0.8970398902893066,0.0800919458270073,0.0800919458270073,0.8824993968009949,0.09191716462373734,0.09191718697547913
126,0.8970724940299988,0.08004225045442581,0.08004225045442581,0.8825979232788086,0.09184767305850983,0.09184767305850983
127,0.8971182703971863,0.07999287545681,0.0799928680062294,0.8825935125350952,0.09171764552593231,0.09171763807535172
128,0.8971531391143799,0.07994409650564194,0.07994409650564194,0.8827424049377441,0.09163760393857956,0.09163760393857956
129,0.8971726298332214,0.07989576458930969,0.07989576458930969,0.8828694224357605,0.0915045291185379,0.0915045291185379
130,0.8972200751304626,0.07984815537929535,0.07984815537929535,0.8829219937324524,0.09141097217798233,0.09141097217798233
131,0.897255003452301,0.07980093359947205,0.07980092614889145,0.8830095529556274,0.09129957854747772,0.09129957109689713
132,0.8972836136817932,0.07975482940673828,0.07975483685731888,0.883057713508606,0.09119804948568344,0.09119804948568344
133,0.8972973227500916,0.07970931380987167,0.07970931380987167,0.8831015229225159,0.09108717739582062,0.09108716994524002
134,0.8973236083984375,0.07966399937868118,0.07966398447751999,0.8831716179847717,0.09098092466592789,0.09098092466592789
135,0.8973568081855774,0.0796189159154892,0.0796189233660698,0.8832000494003296,0.09087561070919037,0.09087560325860977
136,0.897420346736908,0.07957401871681213,0.07957403361797333,0.8832722902297974,0.09078425168991089,0.09078425168991089
137,0.8974598050117493,0.07952939718961716,0.07952939718961716,0.8833489418029785,0.09066732972860336,0.09066733717918396
138,0.8974820971488953,0.0794852077960968,0.0794852077960968,0.8834255933761597,0.09056698530912399,0.09056699275970459
139,0.8975038528442383,0.0794413611292839,0.07944134622812271,0.8834694027900696,0.09048382937908173,0.09048382192850113
140,0.8975513577461243,0.07939798384904861,0.07939799875020981,0.8836489319801331,0.09037046879529953,0.09037046134471893
141,0.8975667953491211,0.07935573160648346,0.07935573160648346,0.8837211728096008,0.09030265361070633,0.09030265361070633
142,0.8976022601127625,0.0793139785528183,0.0793139711022377,0.8838109374046326,0.09018055349588394,0.09018054604530334
143,0.897600531578064,0.0792720839381218,0.07927209138870239,0.8839094638824463,0.09007303416728973,0.09007302671670914
144,0.8976652026176453,0.07923043519258499,0.07923043519258499,0.8840386867523193,0.08997335284948349,0.08997336775064468
145,0.8977097868919373,0.07918869704008102,0.07918869704008102,0.8840868473052979,0.08987507224082947,0.08987507224082947
146,0.8977447152137756,0.07914711534976959,0.079147107899189,0.8842204213142395,0.08976178616285324,0.08976179361343384
147,0.8977813124656677,0.07910587638616562,0.07910587638616562,0.8843320608139038,0.08965151757001877,0.08965152502059937
148,0.8978270888328552,0.0790652185678482,0.0790652185678482,0.8844831585884094,0.08953842520713806,0.08953842520713806
149,0.8978642821311951,0.07902496308088303,0.07902496308088303,0.8846298456192017,0.08942973613739014,0.08942972868680954
150,0.8978934288024902,0.07898496836423874,0.07898498326539993,0.8846758604049683,0.08936650305986404,0.08936648815870285
151,0.8979500532150269,0.07894521206617355,0.07894521206617355,0.8847327828407288,0.08926970511674881,0.0892697125673294
152,0.8979512453079224,0.07890614867210388,0.07890614867210388,0.884774386882782,0.08918745070695877,0.08918745815753937
153,0.8979758024215698,0.07886683195829391,0.07886683195829391,0.884870707988739,0.08907932788133621,0.08907932043075562
154,0.8980050086975098,0.07882743328809738,0.07882743328809738,0.8849363923072815,0.08900430798530579,0.08900430798530579
155,0.8980187177658081,0.07878842204809189,0.07878842204809189,0.885008692741394,0.08891458809375763,0.08891460299491882
156,0.8980507850646973,0.07874937355518341,0.07874937355518341,0.8850699663162231,0.08883751183748245,0.08883749693632126
157,0.8980507850646973,0.07871052622795105,0.07871052622795105,0.8850765228271484,0.08874963223934174,0.08874963223934174
158,0.898077666759491,0.07867220789194107,0.07867220789194107,0.885122537612915,0.08867048472166061,0.08867047727108002
159,0.8981005549430847,0.07863391190767288,0.07863391935825348,0.8852517008781433,0.08858001977205276,0.08858001977205276
160,0.8981188535690308,0.07859589159488678,0.07859588414430618,0.885245144367218,0.08850958943367004,0.08850958943367004
161,0.8981211185455322,0.07855845987796783,0.07855845242738724,0.8853240013122559,0.0884108915925026,0.0884108915925026
162,0.8981714844703674,0.07852143049240112,0.07852143049240112,0.8854027986526489,0.08832797408103943,0.08832797408103943
163,0.8981691598892212,0.07848473638296127,0.07848473638296127,0.8854093551635742,0.08824356645345688,0.08824356645345688
164,0.8981691598892212,0.07844813168048859,0.07844813168048859,0.8855407238006592,0.08815335482358932,0.08815336227416992
165,0.8982183933258057,0.07841204851865768,0.07841204851865768,0.8855823278427124,0.08806434273719788,0.08806432783603668
166,0.8982435464859009,0.07837647199630737,0.07837647199630737,0.8855955004692078,0.08798562735319138,0.08798563480377197
167,0.8982841968536377,0.07834085077047348,0.07834084331989288,0.8856896162033081,0.0878896564245224,0.08788967877626419
168,0.8983322381973267,0.07830488681793213,0.07830488681793213,0.8858538866043091,0.08779356628656387,0.08779356628656387
169,0.8983785510063171,0.07826865464448929,0.07826864719390869,0.8858888745307922,0.08771206438541412,0.08771204948425293
170,0.8984300494194031,0.07823240011930466,0.07823240011930466,0.8860049247741699,0.0876186415553093,0.08761864900588989
171,0.8984569311141968,0.07819663733243942,0.07819663733243942,0.8860750198364258,0.08755162358283997,0.08755161613225937
172,0.8984420895576477,0.0781613439321518,0.0781613439321518,0.886142909526825,0.08746400475502014,0.08746399730443954
173,0.8984569311141968,0.07812623679637909,0.0781262218952179,0.8861735463142395,0.08738704770803452,0.08738706260919571
174,0.898459255695343,0.07809114456176758,0.07809114456176758,0.88623046875,0.08732408285140991,0.08732408285140991
175,0.8984769582748413,0.07805600762367249,0.07805600017309189,0.8863596320152283,0.08725763112306595,0.08725763112306595
176,0.898481547832489,0.07802065461874008,0.07802064716815948,0.8864866495132446,0.08716017752885818,0.08716018497943878
177,0.8985015749931335,0.07798515260219574,0.07798516005277634,0.8865304589271545,0.0871046856045723,0.0871046930551529
178,0.8985359072685242,0.0779503881931305,0.0779503881931305,0.8865851759910583,0.087042436003685,0.0870424434542656
179,0.8985691070556641,0.07791569083929062,0.07791569083929062,0.886604905128479,0.08697374910116196,0.08697374910116196
180,0.8986228704452515,0.07788129150867462,0.07788129150867462,0.8867143988609314,0.08688127249479294,0.08688127249479294
181,0.8986709117889404,0.07784700393676758,0.07784700393676758,0.8868019580841064,0.08681133389472961,0.08681133389472961
182,0.8987172245979309,0.07781293243169785,0.07781293243169785,0.8868588805198669,0.08675128221511841,0.08675125986337662
183,0.8987475633621216,0.07777880132198334,0.07777879387140274,0.8868851661682129,0.08669359982013702,0.08669359982013702
184,0.898752748966217,0.0777444839477539,0.07774447649717331,0.8870537877082825,0.08659996837377548,0.08659996837377548
185,0.8987687230110168,0.07771001756191254,0.07771001011133194,0.8871435523033142,0.08652010560035706,0.08652010560035706
186,0.8987744450569153,0.07767578959465027,0.07767578959465027,0.8872508406639099,0.08644921332597733,0.08644922822713852
187,0.8988156318664551,0.07764241844415665,0.07764241844415665,0.8873690366744995,0.0863894671201706,0.08638947457075119
188,0.8988299369812012,0.0776093602180481,0.0776093602180481,0.8873887658119202,0.08630601316690445,0.08630601316690445
189,0.898848831653595,0.07757645845413208,0.07757645845413208,0.8873822093009949,0.08625591546297073,0.08625591546297073
190,0.8988791704177856,0.07754387706518173,0.07754387706518173,0.8874829411506653,0.08617539703845978,0.08617540448904037
191,0.8989272117614746,0.07751193642616272,0.07751193642616272,0.8875376582145691,0.08611754328012466,0.08611754328012466
192,0.8989386558532715,0.077480249106884,0.077480249106884,0.8876318335533142,0.08605131506919861,0.08605131506919861
193,0.8989890217781067,0.07744887471199036,0.07744887471199036,0.887686550617218,0.0859922468662262,0.0859922468662262
194,0.8990198969841003,0.07741831988096237,0.07741831243038177,0.8877259492874146,0.08593085408210754,0.08593085408210754
195,0.8990381956100464,0.07738801836967468,0.07738802582025528,0.8877894878387451,0.08586052805185318,0.08586052060127258
196,0.8990307450294495,0.07735791057348251,0.07735791057348251,0.8878157138824463,0.08580058068037033,0.08580057322978973
197,0.8990828394889832,0.07732835412025452,0.07732833921909332,0.8878551721572876,0.08574238419532776,0.08574238419532776
198,0.8991337418556213,0.07729888707399368,0.07729888707399368,0.8879120945930481,0.08566837757825851,0.08566837757825851
199,0.8991497755050659,0.07726899534463882,0.07726899534463882,0.8879427313804626,0.08560797572135925,0.08560797572135925
200,0.8991560339927673,0.0772397518157959,0.0772397518157959,0.8879996538162231,0.08556906878948212,0.08556905388832092
201,0.8991674780845642,0.0772106721997261,0.0772106721997261,0.8880653381347656,0.0855305939912796,0.0855305939912796
202,0.8991800546646118,0.0771816298365593,0.0771816298365593,0.8881091475486755,0.08548755198717117,0.08548757433891296
203,0.899208664894104,0.07715252786874771,0.07715252786874771,0.8881617188453674,0.08545734733343124,0.08545734733343124
204,0.8992453217506409,0.07712312042713165,0.07712312042713165,0.8881310224533081,0.08541874587535858,0.08541875332593918
205,0.8992927670478821,0.07709366828203201,0.07709366828203201,0.8881047964096069,0.08540195226669312,0.08540195971727371
206,0.8993110656738281,0.07706399261951447,0.07706399261951447,0.8881288766860962,0.08536326140165329,0.08536326885223389
207,0.8993528485298157,0.07703477889299393,0.07703477889299393,0.8881047964096069,0.08535726368427277,0.08535727113485336
208,0.8993385434150696,0.07700596749782562,0.07700597494840622,0.8881617188453674,0.08532270789146423,0.08532270044088364
209,0.8994094729423523,0.07697731256484985,0.07697731256484985,0.8880981802940369,0.08531507104635239,0.08531506359577179
210,0.8994089365005493,0.07694871723651886,0.07694870233535767,0.8881967067718506,0.085273377597332,0.085273377597332
211,0.8994649648666382,0.07692070305347443,0.07692068815231323,0.8881726264953613,0.08525341749191284,0.08525341749191284
212,0.8994587063789368,0.07689353078603745,0.07689353078603745,0.8883215188980103,0.08518629521131516,0.08518629521131516
213,0.8995215892791748,0.07686706632375717,0.07686706632375717,0.888271152973175,0.08517750352621078,0.08517750352621078
214,0.8995370864868164,0.07684047520160675,0.07684047520160675,0.8883500099182129,0.08512867987155914,0.08512867987155914
215,0.8995673656463623,0.07681411504745483,0.07681411504745483,0.8883784413337708,0.08510841429233551,0.08510841429233551
216,0.8996211886405945,0.07678788155317307,0.07678787410259247,0.8884332180023193,0.08505029231309891,0.08505028486251831
217,0.8996177315711975,0.07676204293966293,0.07676204293966293,0.8884660601615906,0.08502266556024551,0.08502267301082611
218,0.8996577858924866,0.07673688232898712,0.07673686742782593,0.8884901404380798,0.08496371656656265,0.08496370911598206
219,0.8996560573577881,0.07671188563108444,0.07671188563108444,0.8885711431503296,0.08492933213710785,0.08492933958768845
220,0.8997109532356262,0.07668709009885788,0.07668709009885788,0.8886521458625793,0.08488231897354126,0.08488231152296066
221,0.8997350335121155,0.07666273415088654,0.07666273415088654,0.8886346220970154,0.08485554903745651,0.08485554903745651
222,0.8997784852981567,0.07663803547620773,0.07663804292678833,0.8886302709579468,0.08481702208518982,0.08481701463460922
223,0.8998110890388489,0.0766133964061737,0.0766134038567543,0.8886959552764893,0.08478130400180817,0.08478131145238876
224,0.8998505473136902,0.07658856362104416,0.07658855617046356,0.8887353539466858,0.08474105596542358,0.08474106341600418
225,0.8998894691467285,0.07656408846378326,0.07656408101320267,0.8887835741043091,0.0847075954079628,0.0847075879573822
226,0.8998831510543823,0.07653988897800446,0.07653988897800446,0.8887813687324524,0.08468904346227646,0.08468904346227646
227,0.8999306559562683,0.0765160620212555,0.0765160545706749,0.8888120055198669,0.08467021584510803,0.08467021584510803
228,0.8999506831169128,0.07649240642786026,0.07649240642786026,0.8888076543807983,0.08464103937149048,0.08464103937149048
229,0.8999478220939636,0.0764688029885292,0.07646878808736801,0.888899564743042,0.08460705727338791,0.08460705727338791
230,0.899939239025116,0.07644526660442352,0.07644526660442352,0.8889280557632446,0.08458200842142105,0.08458200842142105
231,0.8999598622322083,0.07642187178134918,0.07642187178134918,0.8889521360397339,0.08453338593244553,0.08453338593244553
232,0.8999689817428589,0.0763985738158226,0.0763985738158226,0.8889784216880798,0.08450764417648315,0.08450764417648315
233,0.8999964594841003,0.0763755813241005,0.0763755738735199,0.8889433741569519,0.08449402451515198,0.08449401706457138
234,0.9000033140182495,0.07635301351547241,0.07635301351547241,0.889055073261261,0.08443613350391388,0.08443613350391388
235,0.9000250697135925,0.07633011788129807,0.07633011043071747,0.889072597026825,0.08443201333284378,0.08443201333284378
236,0.900053083896637,0.07630707323551178,0.07630708813667297,0.8891185522079468,0.08437686413526535,0.08437687158584595
237,0.9000937342643738,0.07628427445888519,0.07628427445888519,0.8891185522079468,0.0843634232878685,0.0843634232878685
238,0.9001131653785706,0.07626146823167801,0.0762614756822586,0.8892455697059631,0.08430104702711105,0.08430105447769165
239,0.9001320600509644,0.07623854279518127,0.07623854279518127,0.8892718553543091,0.08425841480493546,0.08425840735435486
240,0.9001451730728149,0.07621552050113678,0.07621552050113678,0.8893572092056274,0.08422058075666428,0.08422058075666428
241,0.900159478187561,0.07619253545999527,0.07619252055883408,0.8894469738006592,0.08418868482112885,0.08418868482112885
242,0.9001920819282532,0.07616981118917465,0.07616981118917465,0.8894601464271545,0.08415574580430984,0.08415574580430984
243,0.900254487991333,0.07614725083112717,0.07614725083112717,0.8895126581192017,0.08413086086511612,0.08413086086511612
244,0.9002653360366821,0.0761246308684349,0.0761246383190155,0.8895105123519897,0.08409330993890762,0.08409330248832703
245,0.900302529335022,0.07610189914703369,0.07610189914703369,0.8895126581192017,0.08405935764312744,0.08405935764312744
246,0.9003391265869141,0.07607907056808472,0.07607907056808472,0.8895083069801331,0.08402727544307709,0.08402727544307709
247,0.9003597497940063,0.07605614513158798,0.07605614513158798,0.8895192742347717,0.08399113267660141,0.08399111777544022
248,0.9003711938858032,0.07603338360786438,0.07603338360786438,0.8894995450973511,0.0839754045009613,0.0839754119515419
249,0.9004117846488953,0.07601071149110794,0.07601071149110794,0.889525830745697,0.08394183218479156,0.08394183218479156
250,0.9004175066947937,0.07598815858364105,0.07598815858364105,0.889560878276825,0.08393178135156631,0.08393178880214691
251,0.9004501104354858,0.07596579939126968,0.07596578449010849,0.8895980715751648,0.08389744907617569,0.08389744162559509
252,0.9004650115966797,0.07594384253025055,0.07594384253025055,0.8896287083625793,0.08388281613588333,0.08388281613588333
253,0.9004838466644287,0.07592205703258514,0.07592204958200455,0.8896965980529785,0.0838329941034317,0.0838329866528511
254,0.9005176424980164,0.07590024173259735,0.07590024918317795,0.8897163271903992,0.08382024616003036,0.08382024616003036
255,0.9005422592163086,0.07587839663028717,0.07587839663028717,0.8897907733917236,0.08378847688436508,0.08378847688436508
256,0.9005628228187561,0.07585632055997849,0.07585632055997849,0.8898236155509949,0.0837605744600296,0.0837605744600296
257,0.900570273399353,0.075834259390831,0.075834259390831,0.8898520469665527,0.08373755216598511,0.08373755216598511
258,0.9005845785140991,0.07581207901239395,0.07581207901239395,0.8898586630821228,0.08370040357112885,0.08370040357112885
259,0.9005863070487976,0.07578974217176437,0.07578974217176437,0.889900267124176,0.08368043601512909,0.08368042856454849
260,0.9005982875823975,0.07576756924390793,0.07576756924390793,0.8899703025817871,0.08364833146333694,0.08364833891391754
261,0.9006085991859436,0.07574555277824402,0.07574555277824402,0.8899943828582764,0.08362028747797012,0.08362028747797012
262,0.900658369064331,0.07572385668754578,0.07572386413812637,0.8900381922721863,0.08358694612979889,0.08358694612979889
263,0.9006669521331787,0.07570246607065201,0.0757024735212326,0.890110433101654,0.08357161283493042,0.08357159793376923
264,0.9006921052932739,0.07568126916885376,0.07568127661943436,0.8900973200798035,0.0835639089345932,0.0835639089345932
265,0.9007367491722107,0.07566004991531372,0.07566004991531372,0.8901060819625854,0.08353649079799652,0.08353648334741592
266,0.9007367491722107,0.07563874870538712,0.07563874125480652,0.8901082277297974,0.08353150635957718,0.08353150635957718
267,0.9007619023323059,0.07561761885881424,0.07561761885881424,0.890119194984436,0.08351206034421921,0.08351205289363861
268,0.9007785320281982,0.07559657841920853,0.07559657841920853,0.8901214003562927,0.08351060003042221,0.08351059257984161
269,0.9008070826530457,0.07557567954063416,0.07557567954063416,0.8901739716529846,0.08348605036735535,0.08348604291677475
270,0.9007922410964966,0.07555501908063889,0.07555500417947769,0.8902790546417236,0.08345641940832138,0.08345641940832138
271,0.9008036851882935,0.07553461194038391,0.07553461194038391,0.8903381824493408,0.08343689888715744,0.08343689888715744
272,0.9008225798606873,0.07551445066928864,0.07551445066928864,0.8903951048851013,0.08339952677488327,0.08339951932430267
273,0.9008660316467285,0.07549441605806351,0.0754944309592247,0.8903447389602661,0.08338841050863266,0.08338841795921326
274,0.9008820652961731,0.07547415047883987,0.07547416538000107,0.890364408493042,0.083366759121418,0.0833667740225792
275,0.9009369611740112,0.07545389980077744,0.07545389980077744,0.8904016613960266,0.08334114402532578,0.08334114402532578
276,0.900933563709259,0.07543395459651947,0.07543395459651947,0.8905001878738403,0.0833141952753067,0.0833141952753067
277,0.9009752869606018,0.07541408389806747,0.07541409134864807,0.8904563784599304,0.08329225331544876,0.08329225331544876
278,0.9009461402893066,0.07539448887109756,0.07539448887109756,0.8905462026596069,0.08327966183423996,0.08327966183423996
279,0.9009901881217957,0.075375035405159,0.075375035405159,0.8906534910202026,0.08325774222612381,0.08325774222612381
280,0.9009959101676941,0.07535571604967117,0.07535572350025177,0.8906490802764893,0.08322542160749435,0.08322542160749435
281,0.9010205268859863,0.07533644139766693,0.07533642649650574,0.8905943632125854,0.0832107812166214,0.0832107812166214
282,0.9010084867477417,0.07531752437353134,0.07531753182411194,0.8906666040420532,0.08318331092596054,0.08318331092596054
283,0.9010279178619385,0.07529854029417038,0.07529854029417038,0.8906797170639038,0.08316604048013687,0.08316604048013687
284,0.9010599851608276,0.07527979463338852,0.07527979463338852,0.8907082080841064,0.08313100039958954,0.08313101530075073
285,0.9010851383209229,0.0752609521150589,0.0752609446644783,0.8906666040420532,0.08312197774648666,0.08312197774648666
286,0.901073157787323,0.0752420425415039,0.07524203509092331,0.890721321105957,0.0830869972705841,0.0830869972705841
287,0.901091456413269,0.0752231776714325,0.07522318512201309,0.890756368637085,0.08308231830596924,0.08308231085538864
288,0.9011188745498657,0.07520460337400436,0.07520460337400436,0.8908132910728455,0.08304979652166367,0.08304979652166367
289,0.9011355042457581,0.07518619298934937,0.07518619298934937,0.8908483386039734,0.08302532881498337,0.08302533626556396
290,0.9011755585670471,0.07516801357269287,0.07516800612211227,0.8908811807632446,0.08301294595003128,0.08301293849945068
291,0.901190996170044,0.07514993846416473,0.07514993101358414,0.890861451625824,0.08300792425870895,0.08300792425870895
292,0.9011978507041931,0.07513221353292465,0.07513221353292465,0.8909358978271484,0.08297891169786453,0.08297891169786453
293,0.9012269973754883,0.07511378079652786,0.07511378079652786,0.8909403085708618,0.0829717218875885,0.0829717218875885
294,0.9012138843536377,0.07509564608335495,0.07509563118219376,0.8909358978271484,0.08295153826475143,0.08295153826475143
295,0.9012344479560852,0.07507768273353577,0.07507767528295517,0.8909446597099304,0.08293698728084564,0.08293697237968445
296,0.901257336139679,0.07505987584590912,0.07505987584590912,0.8909884691238403,0.08292544633150101,0.08292544633150101
297,0.9012722373008728,0.07504212856292725,0.07504212856292725,0.890885591506958,0.0829276293516159,0.0829276293516159
298,0.9013037085533142,0.07502477616071701,0.07502477616071701,0.8910125494003296,0.08289425820112228,0.08289425820112228
299,0.9013071060180664,0.07500726729631424,0.07500726729631424,0.8910278677940369,0.08287469297647476,0.08287469297647476
300,0.9013180136680603,0.07498970627784729,0.0749896988272667,0.8910344839096069,0.08285397291183472,0.08285398781299591
301,0.9013385772705078,0.07497206330299377,0.07497204840183258,0.8910716772079468,0.08282539248466492,0.08282538503408432
302,0.9013282656669617,0.07495453953742981,0.07495453953742981,0.8910673260688782,0.08280972391366959,0.08280972391366959
303,0.9013820886611938,0.07493692636489868,0.07493692636489868,0.8910804390907288,0.08280631899833679,0.08280631899833679
304,0.9013849496841431,0.07491963356733322,0.07491964101791382,0.8911417722702026,0.08276847749948502,0.08276847749948502
305,0.9014478325843811,0.0749025046825409,0.0749025046825409,0.8910541534423828,0.08277550339698792,0.08277551084756851
306,0.9014530181884766,0.07488521933555603,0.07488522678613663,0.8911964893341064,0.08273789286613464,0.08273789286613464
307,0.9015164971351624,0.07486802339553833,0.07486802339553833,0.89111328125,0.08274243772029877,0.08274244517087936
308,0.9015021920204163,0.07485080510377884,0.07485079765319824,0.8912512063980103,0.0827062651515007,0.0827062651515007
309,0.9015222191810608,0.07483379542827606,0.07483378797769547,0.8911702036857605,0.08270834386348724,0.08270834386348724
310,0.9015153646469116,0.07481671869754791,0.07481671869754791,0.8912227749824524,0.08267701417207718,0.08267701417207718
311,0.9015920162200928,0.07479975372552872,0.07479975372552872,0.891209602355957,0.0826832726597786,0.082683265209198
312,0.9015708565711975,0.07478279620409012,0.07478278130292892,0.8913431763648987,0.08264077454805374,0.08264075964689255
313,0.901598334312439,0.07476597279310226,0.07476596534252167,0.8913190960884094,0.08264685422182083,0.08264685422182083
314,0.901598334312439,0.07474908977746964,0.07474910467863083,0.8913891911506653,0.0826154425740242,0.0826154425740242
315,0.9016618132591248,0.07473254203796387,0.07473253458738327,0.8913825750350952,0.08260859549045563,0.08260858803987503
316,0.9016583561897278,0.0747159942984581,0.0747160017490387,0.8913847804069519,0.08258702605962753,0.08258702605962753
317,0.9016675353050232,0.07469970732927322,0.07469970732927322,0.8913979530334473,0.08258304744958878,0.08258304744958878
318,0.9016875624656677,0.0746835321187973,0.0746835395693779,0.8914000988006592,0.08254750818014145,0.08254751563072205
319,0.9017109870910645,0.07466734945774078,0.07466734200716019,0.8913804292678833,0.08255214244127274,0.08255214989185333
320,0.9016978740692139,0.07465129345655441,0.07465129345655441,0.8914439082145691,0.08252744376659393,0.08252743631601334
321,0.9017322063446045,0.07463537901639938,0.07463537901639938,0.8914614319801331,0.08251237124204636,0.08251236379146576
322,0.901734471321106,0.07461924850940704,0.07461924850940704,0.8914241790771484,0.08249349892139435,0.08249349892139435
323,0.901748776435852,0.07460334897041321,0.07460334151983261,0.8914526700973511,0.08247854560613632,0.08247854560613632
324,0.9017579555511475,0.07458755373954773,0.07458755373954773,0.8914723992347717,0.08245499432086945,0.08245499432086945
325,0.9017991423606873,0.07457177340984344,0.07457178086042404,0.891505241394043,0.08243253827095032,0.08243253827095032
326,0.9018300175666809,0.0745561420917511,0.0745561346411705,0.8915271162986755,0.08240918815135956,0.08240918815135956
327,0.9018608927726746,0.07454056292772293,0.07454055547714233,0.891592800617218,0.08239930868148804,0.08239930868148804
328,0.9018311500549316,0.07452511787414551,0.07452511042356491,0.8915709257125854,0.08238182216882706,0.08238183706998825
329,0.9018746614456177,0.07450972497463226,0.07450972497463226,0.891592800617218,0.08236970007419586,0.08236970752477646
330,0.901862621307373,0.0744941234588623,0.0744941234588623,0.8915380835533142,0.08235279470682144,0.08235278725624084
331,0.9018608927726746,0.0744786337018013,0.0744786337018013,0.8915293216705322,0.0823507010936737,0.0823507010936737
332,0.9018980860710144,0.07446317374706268,0.07446317374706268,0.891584038734436,0.08233029395341873,0.08233029395341873
333,0.9019187092781067,0.07444779574871063,0.07444779574871063,0.8916168808937073,0.08232250809669495,0.08232251554727554
334,0.901935875415802,0.0744323804974556,0.0744323804974556,0.8916738033294678,0.0823068842291832,0.0823068916797638
335,0.9019615650177002,0.07441691309213638,0.07441692054271698,0.8916738033294678,0.0822983831167221,0.0822983831167221
336,0.9019907712936401,0.07440159469842911,0.0744016021490097,0.8916650414466858,0.08228407800197601,0.08228407800197601
337,0.9019901752471924,0.07438632845878601,0.07438632845878601,0.8916519284248352,0.08228636533021927,0.08228636533021927
338,0.9020141959190369,0.07437104731798172,0.07437105476856232,0.8917219638824463,0.08225693553686142,0.08225692808628082
339,0.902046263217926,0.0743558257818222,0.0743558332324028,0.8917088508605957,0.08226442337036133,0.08226443082094193
340,0.9020691514015198,0.07434055954217911,0.07434055209159851,0.8917657732963562,0.08223343640565872,0.08223344385623932
341,0.9020714163780212,0.07432516664266586,0.07432516664266586,0.8917942643165588,0.08223804831504822,0.08223804831504822
342,0.9021000266075134,0.07430984079837799,0.07430984079837799,0.891862154006958,0.08221522718667984,0.08221522718667984
343,0.902119517326355,0.07429452985525131,0.07429452985525131,0.8918862342834473,0.08221038430929184,0.08221038430929184
344,0.9021406769752502,0.07427932322025299,0.07427932322025299,0.8918796181678772,0.0822005644440651,0.0822005569934845
345,0.9021595120429993,0.07426442205905914,0.07426442205905914,0.8919256329536438,0.08218888938426971,0.08218888938426971
346,0.9021887183189392,0.0742497444152832,0.0742497444152832,0.8919366002082825,0.08218131214380264,0.08218131959438324
347,0.9022396206855774,0.07423490285873413,0.07423489540815353,0.8919212222099304,0.08217435330152512,0.08217434585094452
348,0.9022241830825806,0.0742197036743164,0.0742197036743164,0.8918971419334412,0.08216851204633713,0.08216851204633713
349,0.9022499322891235,0.07420460134744644,0.07420460134744644,0.8919168710708618,0.08216430991888046,0.08216430991888046
350,0.9022195935249329,0.07418954372406006,0.07418954372406006,0.8919803500175476,0.08214195817708969,0.08214195817708969
351,0.9022768139839172,0.07417459040880203,0.07417459785938263,0.8918840289115906,0.0821579247713089,0.0821579247713089
352,0.9022470712661743,0.0741593986749649,0.0741593986749649,0.8919825553894043,0.08211685717105865,0.08211685717105865
353,0.9023036956787109,0.07414446771144867,0.07414446026086807,0.8919234275817871,0.08213665336370468,0.08213665336370468
354,0.9022585153579712,0.07412920892238617,0.07412920147180557,0.8919519186019897,0.08210185915231705,0.08210185915231705
355,0.9023345708847046,0.07411416620016098,0.07411415874958038,0.8919124603271484,0.08210775256156921,0.08210773766040802
356,0.9022545218467712,0.07409880310297012,0.07409879565238953,0.8920307159423828,0.08208181709051132,0.08208180963993073
357,0.9023712277412415,0.07408375293016434,0.07408375293016434,0.8919825553894043,0.08207795023918152,0.08207795768976212
358,0.9023002982139587,0.07406870275735855,0.07406869530677795,0.8920570015907288,0.08206146210432053,0.08206146210432053
359,0.9024066925048828,0.0740538239479065,0.0740538239479065,0.8920307159423828,0.0820574164390564,0.0820574089884758
360,0.9023540616035461,0.0740385428071022,0.0740385353565216,0.892116129398346,0.08204079419374466,0.08204079419374466
361,0.9024381637573242,0.0740235447883606,0.0740235447883606,0.8920701146125793,0.0820361077785492,0.0820361003279686
362,0.9024106860160828,0.07400843501091003,0.07400843501091003,0.8920920491218567,0.08201755583286285,0.08201755583286285
363,0.9024816155433655,0.07399378716945648,0.07399378716945648,0.8919978737831116,0.08202853053808212,0.08202853053808212
364,0.9024587273597717,0.07397892326116562,0.07397892326116562,0.8921445608139038,0.08199337869882584,0.08199338614940643
365,0.9025388360023499,0.0739646926522255,0.0739646926522255,0.89208984375,0.08199691027402878,0.08199691027402878
366,0.9025153517723083,0.07394912838935852,0.07394913583993912,0.8921840190887451,0.0819622054696083,0.0819622054696083
367,0.9025399684906006,0.0739346593618393,0.0739346519112587,0.8920920491218567,0.08197443932294846,0.08197443932294846
368,0.9025468230247498,0.07391934096813202,0.07391934096813202,0.892221212387085,0.08193453401327133,0.08193451911211014
369,0.9025605916976929,0.07390455156564713,0.07390456646680832,0.8921511769294739,0.08194249123334885,0.08194249123334885
370,0.9025725722312927,0.07388943433761597,0.07388942688703537,0.8922737836837769,0.08191204816102982,0.08191204816102982
371,0.9025943279266357,0.07387463748455048,0.07387463748455048,0.8922365307807922,0.08191023766994476,0.08191023766994476
372,0.9025634527206421,0.07385984808206558,0.07385985553264618,0.8923241496086121,0.08187532424926758,0.08187531679868698
373,0.9026051759719849,0.07384517043828964,0.07384516298770905,0.8922803401947021,0.08187466859817505,0.08187466114759445
374,0.9026143550872803,0.07383006811141968,0.07383006811141968,0.892326295375824,0.08185379207134247,0.08185379952192307
375,0.9026389718055725,0.07381529361009598,0.07381529361009598,0.8922978639602661,0.0818432942032814,0.0818432942032814
376,0.9026297926902771,0.07380066066980362,0.07380066066980362,0.8923745155334473,0.08182162791490555,0.08182162046432495
377,0.9026452302932739,0.07378601282835007,0.07378601282835007,0.8923657536506653,0.08182298392057419,0.08182298392057419
378,0.9026343822479248,0.07377151399850845,0.07377151399850845,0.8924139142036438,0.08177558332681656,0.08177558332681656
379,0.9026806950569153,0.07375700026750565,0.07375700026750565,0.8924204707145691,0.08178720623254776,0.08178721368312836
380,0.9026916027069092,0.07374250143766403,0.07374250143766403,0.8924708366394043,0.08175396919250488,0.08175396919250488
381,0.9027419090270996,0.07372800260782242,0.07372800260782242,0.8924708366394043,0.08174707740545273,0.08174706995487213
382,0.9027361869812012,0.07371336966753006,0.07371336221694946,0.8924861550331116,0.08172088861465454,0.08172088861465454
383,0.9027579426765442,0.07369865477085114,0.07369865477085114,0.8925452828407288,0.08170846104621887,0.08170846104621887
384,0.9027791023254395,0.07368408143520355,0.07368407398462296,0.892595648765564,0.0816960334777832,0.0816960260272026
385,0.9028014540672302,0.07366961985826492,0.07366961985826492,0.8925650119781494,0.08168359100818634,0.08168359845876694
386,0.9028414487838745,0.0736551508307457,0.0736551582813263,0.892551839351654,0.08166923373937607,0.08166923373937607
387,0.9028786420822144,0.07364080846309662,0.07364079356193542,0.8925387263298035,0.08165931701660156,0.08165931701660156
388,0.902891218662262,0.07362639158964157,0.07362639904022217,0.8925628066062927,0.08164546638727188,0.08164546638727188
389,0.9029141068458557,0.0736120268702507,0.0736120194196701,0.8924993276596069,0.08163812756538391,0.08163812756538391
390,0.9029244184494019,0.07359766215085983,0.07359766960144043,0.8925912380218506,0.08161671459674835,0.08161671459674835
391,0.9029536247253418,0.07358343154191971,0.07358343154191971,0.8925496339797974,0.0816180557012558,0.0816180557012558
392,0.9029581546783447,0.07356910407543182,0.07356910407543182,0.8926460146903992,0.08158694952726364,0.08158694952726364
393,0.9029684662818909,0.07355520129203796,0.07355520129203796,0.8926087617874146,0.08159469813108444,0.08159469813108444
394,0.9029524326324463,0.0735412985086441,0.07354129105806351,0.892604410648346,0.08157392591238022,0.08157392591238022
395,0.9029907584190369,0.0735275149345398,0.0735275149345398,0.8926262855529785,0.08156795799732208,0.08156795799732208
396,0.9029982089996338,0.07351367175579071,0.07351367920637131,0.8926723003387451,0.08156067878007889,0.08156067132949829
397,0.9030622839927673,0.07350004464387894,0.07350003719329834,0.892665684223175,0.08155258744955063,0.08155258744955063
398,0.9030600190162659,0.07348635047674179,0.0734863430261612,0.8927335739135742,0.08155017346143723,0.08155017346143723
399,0.9030765891075134,0.0734727680683136,0.0734727680683136,0.8926810622215271,0.08154337108135223,0.08154337108135223
400,0.9030823111534119,0.07345931231975555,0.07345931231975555,0.8927467465400696,0.08152611553668976,0.08152611553668976
401,0.9031166434288025,0.07344613969326019,0.07344614714384079,0.8927182555198669,0.08152501285076141,0.08152500540018082
402,0.9030937552452087,0.07343292236328125,0.07343291491270065,0.8927817344665527,0.08150440454483032,0.08150440454483032
403,0.9031515717506409,0.07342018187046051,0.07342018187046051,0.892691969871521,0.08150593936443329,0.08150595426559448
404,0.9031051993370056,0.07340703159570694,0.07340703159570694,0.8927839398384094,0.08148815482854843,0.08148816227912903
405,0.9031801223754883,0.07339335978031158,0.07339336723089218,0.8927751779556274,0.08147775381803513,0.08147776126861572
406,0.90316241979599,0.07337978482246399,0.07337979227304459,0.8928321003913879,0.08148004859685898,0.08148004114627838
407,0.9031938910484314,0.0733664333820343,0.0733664333820343,0.8927927017211914,0.08146984875202179,0.08146985620260239
408,0.9031755924224854,0.07335320115089417,0.07335320115089417,0.8928474187850952,0.08146388828754425,0.08146388083696365
409,0.9032179117202759,0.07334015518426895,0.07334015518426895,0.8927642703056335,0.08145735412836075,0.08145734667778015
410,0.9032173156738281,0.07332703471183777,0.07332703471183777,0.8928802609443665,0.08145232498645782,0.08145232498645782
411,0.9032642245292664,0.07331399619579315,0.07331399619579315,0.8927729725837708,0.0814535990357399,0.0814536064863205
412,0.9032379388809204,0.07330093532800674,0.07330093532800674,0.8928518295288086,0.0814378559589386,0.0814378559589386
413,0.9032756686210632,0.0732877105474472,0.0732877105474472,0.8927708268165588,0.08143609017133713,0.08143609017133713
414,0.9032751321792603,0.07327474653720856,0.07327474653720856,0.8928102254867554,0.08142772316932678,0.08142773061990738
415,0.9033254384994507,0.07326159626245499,0.07326159626245499,0.8927883505821228,0.08141233026981354,0.08141233772039413
416,0.9032865762710571,0.0732482522726059,0.07324825972318649,0.8927949070930481,0.0814175009727478,0.0814175009727478
417,0.903342068195343,0.07323525846004486,0.07323525846004486,0.8927861452102661,0.08141094446182251,0.08141094446182251
418,0.9033082723617554,0.07322218269109726,0.07322218269109726,0.8928365111351013,0.08140858262777328,0.08140858262777328
419,0.9033592343330383,0.07320929318666458,0.07320929318666458,0.8927904963493347,0.08140689134597778,0.08140689134597778
420,0.9033317565917969,0.07319643348455429,0.07319643348455429,0.8928408622741699,0.08139372617006302,0.08139371871948242
421,0.9033946990966797,0.07318347692489624,0.07318347692489624,0.8928189873695374,0.08139250427484512,0.08139251172542572
422,0.9033740758895874,0.07317058742046356,0.07317058742046356,0.8928167819976807,0.08138173073530197,0.08138174563646317
423,0.9034335613250732,0.0731576532125473,0.0731576532125473,0.8928321003913879,0.08138731867074966,0.08138731867074966
424,0.9034273028373718,0.07314494252204895,0.07314494252204895,0.8929153084754944,0.08136926591396332,0.08136927336454391
425,0.9034421443939209,0.07313229143619537,0.07313229888677597,0.8929087519645691,0.08136308193206787,0.08136308193206787
426,0.903452455997467,0.07311949878931046,0.07311949878931046,0.8929919600486755,0.08134878426790237,0.08134877681732178
427,0.9034736156463623,0.0731067806482315,0.07310677319765091,0.8928605914115906,0.08136512339115143,0.08136513084173203
428,0.903500497341156,0.0730939507484436,0.073093943297863,0.892961323261261,0.08133380860090256,0.08133380860090256
429,0.9035382866859436,0.07308126240968704,0.07308126986026764,0.8929153084754944,0.08133826404809952,0.08133827149868011
430,0.9035205245018005,0.07306855171918869,0.07306855171918869,0.892961323261261,0.0813252329826355,0.0813252329826355
431,0.9035788774490356,0.0730561763048172,0.0730561763048172,0.8929569125175476,0.08130399137735367,0.08130398392677307
432,0.9035937786102295,0.0730433240532875,0.0730433240532875,0.8930335640907288,0.08129502087831497,0.08129502832889557
433,0.9036028981208801,0.07303076237440109,0.07303076237440109,0.8929941654205322,0.08128676563501358,0.08128675818443298
434,0.9036109447479248,0.0730181559920311,0.0730181485414505,0.893040120601654,0.0812935084104538,0.0812935084104538
435,0.9036315083503723,0.07300566136837006,0.07300566136837006,0.8929854035377502,0.08126548677682877,0.08126548677682877
436,0.9036052227020264,0.07299313694238663,0.07299313694238663,0.8930029273033142,0.08127231150865555,0.08127231150865555
437,0.9036332368850708,0.07298038899898529,0.0729803815484047,0.8930029273033142,0.08125074207782745,0.08125074952840805
438,0.9036435484886169,0.07296769320964813,0.07296770066022873,0.8930182456970215,0.08125905692577362,0.08125904947519302
439,0.9036681652069092,0.07295500487089157,0.07295500487089157,0.8929985165596008,0.08123286068439484,0.08123286813497543
440,0.9037127494812012,0.07294251769781113,0.07294251024723053,0.8930532932281494,0.08124501258134842,0.08124501258134842
441,0.9037184715270996,0.07293010503053665,0.07293009757995605,0.8929941654205322,0.08123207092285156,0.08123207092285156
442,0.9037470817565918,0.07291748374700546,0.07291748374700546,0.8931365013122559,0.08122444897890091,0.08122444897890091
443,0.9037602543830872,0.07290493696928024,0.07290493696928024,0.8929941654205322,0.08123333007097244,0.08123333752155304
444,0.903779149055481,0.07289204001426697,0.07289204001426697,0.8931167721748352,0.08120708912611008,0.08120708912611008
445,0.90379399061203,0.07287970930337906,0.07287970930337906,0.8930466771125793,0.08121427893638611,0.08121427893638611
446,0.90381920337677,0.07286730408668518,0.07286730408668518,0.8931934237480164,0.08119329065084457,0.08119329810142517
447,0.9038586616516113,0.07285524904727936,0.07285524904727936,0.8931102156639099,0.08119671791791916,0.08119673281908035
448,0.9038706421852112,0.07284288853406906,0.07284289598464966,0.8932787775993347,0.08116789907217026,0.08116789907217026
449,0.9038775563240051,0.07283089309930801,0.07283090054988861,0.8931277394294739,0.0811929926276207,0.0811929926276207
450,0.9038969874382019,0.07281878590583801,0.07281877845525742,0.8932809829711914,0.08114375174045563,0.08114375174045563
451,0.9038746953010559,0.07280690222978592,0.07280688732862473,0.8931912183761597,0.08116913586854935,0.08116914331912994
452,0.9039261341094971,0.07279496639966965,0.07279495894908905,0.8933510780334473,0.08114288002252579,0.08114288747310638
453,0.9039044380187988,0.07278314232826233,0.07278313487768173,0.8932240605354309,0.08115819841623306,0.08115819096565247
454,0.9039496183395386,0.07277129590511322,0.07277129590511322,0.8933247923851013,0.08113587647676468,0.08113586157560349
455,0.9039461612701416,0.07275959849357605,0.07275959849357605,0.8932525515556335,0.08115173131227493,0.08115173131227493
456,0.9039547443389893,0.07274802774190903,0.07274803519248962,0.8932831883430481,0.08113845437765121,0.08113846182823181
457,0.9039707779884338,0.0727364644408226,0.0727364644408226,0.8932656645774841,0.08112836629152298,0.08112835884094238
458,0.9039902091026306,0.07272490113973618,0.07272490113973618,0.8932809829711914,0.08114087581634521,0.08114087581634521
459,0.9039930701255798,0.07271335273981094,0.07271335273981094,0.8933050632476807,0.08112263679504395,0.08112263679504395
460,0.9039765000343323,0.0727018341422081,0.0727018341422081,0.8932371735572815,0.08113175630569458,0.08113175630569458
461,0.9040428400039673,0.07269029319286346,0.07269028574228287,0.8932546973228455,0.08112380653619766,0.08112381398677826
462,0.9040485620498657,0.07267855852842331,0.0726785659790039,0.8932525515556335,0.08112800866365433,0.08112800866365433
463,0.904087483882904,0.07266693562269211,0.07266692817211151,0.8932722210884094,0.08112190663814545,0.08112191408872604
464,0.9040812253952026,0.07265546172857285,0.07265546172857285,0.8932459354400635,0.0811348482966423,0.0811348408460617
465,0.9040897488594055,0.07264406979084015,0.07264406979084015,0.8932437896728516,0.0811285674571991,0.0811285749077797
466,0.9041138291358948,0.07263308018445969,0.07263307273387909,0.8931999802589417,0.08113715797662735,0.08113716542720795
467,0.904113233089447,0.07262193411588669,0.07262194156646729,0.8932569026947021,0.08110648393630981,0.08110648393630981
468,0.9041286706924438,0.07261049747467041,0.07261050492525101,0.8932021856307983,0.08112817257642746,0.08112817257642746
469,0.9041372537612915,0.07259930670261383,0.07259931415319443,0.8932284116744995,0.08109941333532333,0.08109941333532333
470,0.9041755795478821,0.07258832454681396,0.07258833199739456,0.8931189775466919,0.08112912625074387,0.08112911880016327
471,0.9041578769683838,0.07257785648107529,0.07257785648107529,0.8932218551635742,0.08109351247549057,0.08109351247549057
472,0.9042070508003235,0.07256723940372467,0.07256723940372467,0.8931386470794678,0.08111954480409622,0.08111954480409622
473,0.9041927456855774,0.07255613803863525,0.07255614548921585,0.8932612538337708,0.08108647912740707,0.08108648657798767
474,0.9042173624038696,0.07254620641469955,0.07254621386528015,0.8931277394294739,0.08113010227680206,0.08113010972738266
475,0.9042333960533142,0.07253441959619522,0.07253441959619522,0.8932525515556335,0.0810796320438385,0.08107961714267731
476,0.9042453765869141,0.07252410799264908,0.07252410054206848,0.8931298851966858,0.08112283796072006,0.08112283796072006
477,0.9042797088623047,0.07251302897930145,0.07251303642988205,0.8932656645774841,0.08108710497617722,0.08108710497617722
478,0.904275119304657,0.07250276207923889,0.07250276207923889,0.8931518197059631,0.08110854774713516,0.08110854029655457
479,0.9043117761611938,0.07249105721712112,0.07249105721712112,0.8932459354400635,0.08108046650886536,0.08108046650886536
480,0.9042997360229492,0.07248035073280334,0.07248035073280334,0.893162727355957,0.0810978040099144,0.081097811460495
481,0.9043386578559875,0.07246992737054825,0.07246992737054825,0.8932809829711914,0.08107389509677887,0.08107389509677887
482,0.9043237566947937,0.0724593922495842,0.0724593922495842,0.8932043313980103,0.08108200877904892,0.08108200877904892
483,0.9043426513671875,0.07244832068681717,0.07244832813739777,0.8932875394821167,0.08106880635023117,0.08106880635023117
484,0.9043517708778381,0.07243744283914566,0.07243745028972626,0.8932612538337708,0.08107388019561768,0.08107388019561768
485,0.9043741226196289,0.07242657244205475,0.07242657244205475,0.8932678699493408,0.08106933534145355,0.08106933534145355
486,0.9043775200843811,0.07241535186767578,0.07241535186767578,0.8932787775993347,0.08106528967618942,0.08106528967618942
487,0.9043929576873779,0.07240451127290726,0.07240451127290726,0.8933050632476807,0.08106447011232376,0.08106446266174316
488,0.9044095873832703,0.07239355891942978,0.07239355146884918,0.893302857875824,0.08105486631393433,0.08105485886335373
489,0.904406726360321,0.07238267362117767,0.07238267362117767,0.8933335542678833,0.08105642348527908,0.08105643093585968
490,0.9044055938720703,0.07237198203802109,0.07237198203802109,0.893302857875824,0.08104515075683594,0.08104514330625534
491,0.9044193029403687,0.0723610445857048,0.0723610445857048,0.8933751583099365,0.081023670732975,0.081023670732975
492,0.9044055938720703,0.0723501667380333,0.0723501667380333,0.8933817148208618,0.08101510256528854,0.08101511001586914
493,0.9044084548950195,0.0723394900560379,0.0723394900560379,0.8933970332145691,0.0809989869594574,0.0809989869594574
494,0.9044250249862671,0.0723290666937828,0.07232905924320221,0.8933904767036438,0.08098962157964706,0.08098962157964706
495,0.9044433236122131,0.07231883704662323,0.07231884449720383,0.893458366394043,0.08096188306808472,0.08096189796924591
496,0.9044536352157593,0.07230904698371887,0.07230904698371887,0.8933685421943665,0.08097846806049347,0.08097846806049347
497,0.9044519066810608,0.0722980722784996,0.0722980722784996,0.8934692740440369,0.08094979077577591,0.08094979077577591
498,0.9044948220252991,0.07228783518075943,0.07228783518075943,0.8934298753738403,0.08094444870948792,0.08094444125890732
499,0.9045068621635437,0.07227649539709091,0.07227650284767151,0.893467128276825,0.08094385266304016,0.08094386756420135
